
ROM used:   167/8192 (2%)
            167/8192 (2%) including unused fragments

            0.2 Average locations per line
            4.5 Average locations per statement

RAM used:   6/368 (2%) at main() level
            9/368 (2%) worst case

Stack used: 2 worst case (2 in main + 0 for interrupts)
Stack size: 8

Lines Stmts  %   Files
----- ----- ---  -----
   64    37 100  baitapgiuuki.c
  768     0   0  ..\..\..\..\Program Files (x86)\PICC\Devices\16f887.h
----- -----
  832    37 Total

Page ROM  %  RAM   Vol Diff  Functions:
---- --- --- ---   --- ----  ----------
0     21  13    1             @delay_ms1
0     15   9    1    56  1.6  on
0     14   8    1    56  1.6  off
0     29  17    2   194  4.5  sangduoi
0     24  14    2   176  4.0  sangduoi1
0     24  14    2   176  4.0  tatduoi
0     36  22    0   219  1.8  MAIN
 Inline         0             @cinit1

Program metrics:
    Functions               6
    Statements              37
    Comments                136
    Volume (V)              1362
    Difficulty (D)          17.0
    Effort to implement (E) 23134
    Time to implement (T)   21 minutes
    Est Delivered Bugs (B)  0
    Cyclomatic Complexity   3
    Maintainability (MI)    158

 Segment     Used  Free
-----------  ----  ----
00000-00003     4  0  
00004-007FF   163  1881  
00800-00FFF     0  2048  
01000-017FF     0  2048  
01800-01FFF     0  2048  



